[06-May-2026 23:54:30 Europe/Berlin] PHP Fatal error:  Uncaught PDOException: SQLSTATE[42S22]: Column not found: 1054 Unknown column 'updated_at' in 'field list' in C:\xampp\htdocs\pfeeeee\PhtP\ajax\api.php:330
Stack trace:
#0 C:\xampp\htdocs\pfeeeee\PhtP\ajax\api.php(330): PDO->prepare('UPDATE training...')
#1 {main}
  thrown in C:\xampp\htdocs\pfeeeee\PhtP\ajax\api.php on line 330
[06-May-2026 23:54:31 Europe/Berlin] PHP Fatal error:  Uncaught PDOException: SQLSTATE[42S22]: Column not found: 1054 Unknown column 'updated_at' in 'field list' in C:\xampp\htdocs\pfeeeee\PhtP\ajax\api.php:330
Stack trace:
#0 C:\xampp\htdocs\pfeeeee\PhtP\ajax\api.php(330): PDO->prepare('UPDATE training...')
#1 {main}
  thrown in C:\xampp\htdocs\pfeeeee\PhtP\ajax\api.php on line 330
[06-May-2026 23:54:31 Europe/Berlin] PHP Fatal error:  Uncaught PDOException: SQLSTATE[42S22]: Column not found: 1054 Unknown column 'updated_at' in 'field list' in C:\xampp\htdocs\pfeeeee\PhtP\ajax\api.php:330
Stack trace:
#0 C:\xampp\htdocs\pfeeeee\PhtP\ajax\api.php(330): PDO->prepare('UPDATE training...')
#1 {main}
  thrown in C:\xampp\htdocs\pfeeeee\PhtP\ajax\api.php on line 330
[06-May-2026 23:54:32 Europe/Berlin] PHP Fatal error:  Uncaught PDOException: SQLSTATE[42S22]: Column not found: 1054 Unknown column 'updated_at' in 'field list' in C:\xampp\htdocs\pfeeeee\PhtP\ajax\api.php:330
Stack trace:
#0 C:\xampp\htdocs\pfeeeee\PhtP\ajax\api.php(330): PDO->prepare('UPDATE training...')
#1 {main}
  thrown in C:\xampp\htdocs\pfeeeee\PhtP\ajax\api.php on line 330
[06-May-2026 23:54:32 Europe/Berlin] PHP Fatal error:  Uncaught PDOException: SQLSTATE[42S22]: Column not found: 1054 Unknown column 'updated_at' in 'field list' in C:\xampp\htdocs\pfeeeee\PhtP\ajax\api.php:330
Stack trace:
#0 C:\xampp\htdocs\pfeeeee\PhtP\ajax\api.php(330): PDO->prepare('UPDATE training...')
#1 {main}
  thrown in C:\xampp\htdocs\pfeeeee\PhtP\ajax\api.php on line 330
[06-May-2026 23:54:32 Europe/Berlin] PHP Fatal error:  Uncaught PDOException: SQLSTATE[42S22]: Column not found: 1054 Unknown column 'updated_at' in 'field list' in C:\xampp\htdocs\pfeeeee\PhtP\ajax\api.php:330
Stack trace:
#0 C:\xampp\htdocs\pfeeeee\PhtP\ajax\api.php(330): PDO->prepare('UPDATE training...')
#1 {main}
  thrown in C:\xampp\htdocs\pfeeeee\PhtP\ajax\api.php on line 330
[06-May-2026 23:54:40 Europe/Berlin] PHP Fatal error:  Uncaught PDOException: SQLSTATE[42S22]: Column not found: 1054 Unknown column 'updated_at' in 'field list' in C:\xampp\htdocs\pfeeeee\PhtP\ajax\api.php:330
Stack trace:
#0 C:\xampp\htdocs\pfeeeee\PhtP\ajax\api.php(330): PDO->prepare('UPDATE training...')
#1 {main}
  thrown in C:\xampp\htdocs\pfeeeee\PhtP\ajax\api.php on line 330
[06-May-2026 23:54:41 Europe/Berlin] PHP Fatal error:  Uncaught PDOException: SQLSTATE[42S22]: Column not found: 1054 Unknown column 'updated_at' in 'field list' in C:\xampp\htdocs\pfeeeee\PhtP\ajax\api.php:330
Stack trace:
#0 C:\xampp\htdocs\pfeeeee\PhtP\ajax\api.php(330): PDO->prepare('UPDATE training...')
#1 {main}
  thrown in C:\xampp\htdocs\pfeeeee\PhtP\ajax\api.php on line 330
[06-May-2026 23:54:41 Europe/Berlin] PHP Fatal error:  Uncaught PDOException: SQLSTATE[42S22]: Column not found: 1054 Unknown column 'updated_at' in 'field list' in C:\xampp\htdocs\pfeeeee\PhtP\ajax\api.php:330
Stack trace:
#0 C:\xampp\htdocs\pfeeeee\PhtP\ajax\api.php(330): PDO->prepare('UPDATE training...')
#1 {main}
  thrown in C:\xampp\htdocs\pfeeeee\PhtP\ajax\api.php on line 330
[06-May-2026 23:54:42 Europe/Berlin] PHP Fatal error:  Uncaught PDOException: SQLSTATE[42S22]: Column not found: 1054 Unknown column 'updated_at' in 'field list' in C:\xampp\htdocs\pfeeeee\PhtP\ajax\api.php:330
Stack trace:
#0 C:\xampp\htdocs\pfeeeee\PhtP\ajax\api.php(330): PDO->prepare('UPDATE training...')
#1 {main}
  thrown in C:\xampp\htdocs\pfeeeee\PhtP\ajax\api.php on line 330
[06-May-2026 23:54:42 Europe/Berlin] PHP Fatal error:  Uncaught PDOException: SQLSTATE[42S22]: Column not found: 1054 Unknown column 'updated_at' in 'field list' in C:\xampp\htdocs\pfeeeee\PhtP\ajax\api.php:330
Stack trace:
#0 C:\xampp\htdocs\pfeeeee\PhtP\ajax\api.php(330): PDO->prepare('UPDATE training...')
#1 {main}
  thrown in C:\xampp\htdocs\pfeeeee\PhtP\ajax\api.php on line 330
[06-May-2026 23:56:30 Europe/Berlin] PHP Fatal error:  Uncaught PDOException: SQLSTATE[42S22]: Column not found: 1054 Unknown column 'updated_at' in 'field list' in C:\xampp\htdocs\pfeeeee\PhtP\ajax\api.php:330
Stack trace:
#0 C:\xampp\htdocs\pfeeeee\PhtP\ajax\api.php(330): PDO->prepare('UPDATE training...')
#1 {main}
  thrown in C:\xampp\htdocs\pfeeeee\PhtP\ajax\api.php on line 330
[06-May-2026 23:56:31 Europe/Berlin] PHP Fatal error:  Uncaught PDOException: SQLSTATE[42S22]: Column not found: 1054 Unknown column 'updated_at' in 'field list' in C:\xampp\htdocs\pfeeeee\PhtP\ajax\api.php:330
Stack trace:
#0 C:\xampp\htdocs\pfeeeee\PhtP\ajax\api.php(330): PDO->prepare('UPDATE training...')
#1 {main}
  thrown in C:\xampp\htdocs\pfeeeee\PhtP\ajax\api.php on line 330
[06-May-2026 23:58:57 Europe/Berlin] PHP Fatal error:  Uncaught PDOException: SQLSTATE[42S22]: Column not found: 1054 Unknown column 'updated_at' in 'field list' in C:\xampp\htdocs\pfeeeee\PhtP\ajax\api.php:330
Stack trace:
#0 C:\xampp\htdocs\pfeeeee\PhtP\ajax\api.php(330): PDO->prepare('UPDATE training...')
#1 {main}
  thrown in C:\xampp\htdocs\pfeeeee\PhtP\ajax\api.php on line 330
[06-May-2026 23:58:58 Europe/Berlin] PHP Fatal error:  Uncaught PDOException: SQLSTATE[42S22]: Column not found: 1054 Unknown column 'updated_at' in 'field list' in C:\xampp\htdocs\pfeeeee\PhtP\ajax\api.php:330
Stack trace:
#0 C:\xampp\htdocs\pfeeeee\PhtP\ajax\api.php(330): PDO->prepare('UPDATE training...')
#1 {main}
  thrown in C:\xampp\htdocs\pfeeeee\PhtP\ajax\api.php on line 330
